<?xml version="1.0" encoding="UTF-8"?>
<testng-results ignored="0" total="1" passed="1" failed="0" skipped="0">
  <reporter-output>
  </reporter-output>
  <suite started-at="2023-02-15T11:52:05 IST" name="Default suite" finished-at="2023-02-15T11:52:21 IST" duration-ms="16168">
    <groups>
    </groups>
    <test started-at="2023-02-15T11:52:05 IST" name="Default test" finished-at="2023-02-15T11:52:21 IST" duration-ms="16168">
      <class name="TestOrangeHRM.LoginPage_Test">
        <test-method is-config="true" signature="browserOpen()[pri:0, instance:TestOrangeHRM.LoginPage_Test@5ae76500]" started-at="2023-02-15T11:52:05 IST" name="browserOpen" finished-at="2023-02-15T11:52:15 IST" duration-ms="10254" status="PASS">
          <reporter-output>
          </reporter-output>
        </test-method> <!-- browserOpen -->
        <test-method signature="login()[pri:0, instance:TestOrangeHRM.LoginPage_Test@5ae76500]" started-at="2023-02-15T11:52:15 IST" name="login" finished-at="2023-02-15T11:52:18 IST" duration-ms="2551" status="PASS">
          <reporter-output>
          </reporter-output>
        </test-method> <!-- login -->
        <test-method is-config="true" signature="closeBrowser()[pri:0, instance:TestOrangeHRM.LoginPage_Test@5ae76500]" started-at="2023-02-15T11:52:18 IST" name="closeBrowser" finished-at="2023-02-15T11:52:21 IST" duration-ms="3210" status="PASS">
          <reporter-output>
          </reporter-output>
        </test-method> <!-- closeBrowser -->
      </class> <!-- TestOrangeHRM.LoginPage_Test -->
    </test> <!-- Default test -->
  </suite> <!-- Default suite -->
</testng-results>
